-------------------------------------------------------------------------------
Test set: com.employmanagementsystem.EmployManagementSystemApplicationTests
-------------------------------------------------------------------------------
Tests run: 1, Failures: 0, Errors: 1, Skipped: 0, Time elapsed: 0.211 s <<< FAILURE! - in com.employmanagementsystem.EmployManagementSystemApplicationTests
com.employmanagementsystem.EmployManagementSystemApplicationTests  Time elapsed: 0.21 s  <<< ERROR!
java.lang.IllegalStateException: Unable to find a @SpringBootConfiguration, you need to use @ContextConfiguration or @SpringBootTest(classes=...) with your test

